[2025-12-26T12:15:30.196Z] === App Starting ===
[2025-12-26T12:15:30.213Z] App is packaged: false
[2025-12-26T12:15:30.216Z] App version: 1.0.0
[2025-12-26T12:15:30.218Z] Electron version: 28.3.3
[2025-12-26T12:15:30.230Z] Node version: 18.18.2
[2025-12-26T12:15:30.242Z] Platform: win32
[2025-12-26T12:15:30.251Z] Arch: x64
[2025-12-26T12:15:35.817Z] Starting Django server...
[2025-12-26T12:15:35.818Z] Final paths:
[2025-12-26T12:15:35.819Z]   Python: C:\Users\gh\Desktop\Clinic app\env\Scripts\python.exe
[2025-12-26T12:15:35.820Z]   Manage: C:\Users\gh\Desktop\Clinic app\manage.py
[2025-12-26T12:15:35.821Z]   Django Dir: C:\Users\gh\Desktop\Clinic app
[2025-12-26T12:15:35.835Z] Server IP: 192.168.99.236
[2025-12-26T12:15:35.836Z] Running database migrations to ensure schema is up-to-date...
[2025-12-26T12:15:41.722Z] Migration stdout: Operations to perform:
  Synchronize unmigrated apps: messages, staticfiles
  Apply all migrations: accounts, admin, admission, auth, contenttypes, doctor, inventory, opd, sessions
[2025-12-26T12:15:41.816Z] Migration stdout: Synchronizing apps without migrations:
[2025-12-26T12:15:41.817Z] Migration stdout: Creating tables...
    Running deferred SQL...
[2025-12-26T12:15:41.818Z] Migration stdout: Running migrations:
  No migrations to apply.
[2025-12-26T12:15:42.254Z] Migration process exited with code: 0
[2025-12-26T12:15:42.255Z] Spawning Django server process...
[2025-12-26T12:15:43.603Z] Django stdout: Performing system checks...
[2025-12-26T12:15:45.751Z] Django stdout: System check identified no issues (0 silenced).
[2025-12-26T12:15:45.929Z] Django stdout: December 26, 2025 - 17:15:45
Django version 4.2, using settings 'core.settings'
Starting development server at http://0.0.0.0:8000/
Quit the server with CTRL-BREAK.
[2025-12-26T12:15:45.929Z] Server started at http://192.168.99.236:8000
[2025-12-26T12:15:45.931Z] Django stdout: 
[2025-12-26T12:15:47.936Z] Django server started successfully!
[2025-12-26T12:15:50.868Z] Django startup timeout reached - proceeding anyway
[2025-12-26T12:15:50.947Z] Creating main window...
[2025-12-26T12:15:50.965Z] Loading Django at: http://192.168.99.236:8000/ (attempt 1)
[2025-12-26T12:15:51.254Z] Django stderr: [26/Dec/2025 17:15:51] "GET / HTTP/1.1" 200 25829
[2025-12-26T12:15:51.475Z] Window ready to show
[2025-12-26T12:15:51.495Z] Django interface loaded successfully!
[2025-12-26T12:16:01.142Z] Django stderr: [26/Dec/2025 17:16:01] "GET /pharmacy-login/ HTTP/1.1" 200 18233
[2025-12-26T12:16:01.223Z] Django interface loaded successfully!
[2025-12-26T12:16:07.628Z] Django stderr: [26/Dec/2025 17:16:07] "POST /pharmacy-login/ HTTP/1.1" 302 0
[2025-12-26T12:16:07.696Z] Django stderr: [26/Dec/2025 17:16:07] "GET /pharmacy/ HTTP/1.1" 200 89555
[2025-12-26T12:16:07.855Z] Django interface loaded successfully!
[2025-12-26T12:16:10.797Z] Django stderr: [26/Dec/2025 17:16:10] "GET /pharmacy/api/gdrive/check-daily/ HTTP/1.1" 200 43
[2025-12-26T12:16:13.183Z] Django stderr: [26/Dec/2025 17:16:13] "GET /inventory/products/ HTTP/1.1" 200 31178
[2025-12-26T12:16:13.455Z] Django stderr: [26/Dec/2025 17:16:13] "GET /static/css/bootstrap.min.css HTTP/1.1" 200 232948
[2025-12-26T12:16:13.470Z] Django stderr: [26/Dec/2025 17:16:13] "GET /static/css/fontawesome.min.css HTTP/1.1" 200 101869
[2025-12-26T12:16:13.538Z] Django stderr: [26/Dec/2025 17:16:13] "GET /static/js/bootstrap.bundle.min.js HTTP/1.1" 200 80663
[2025-12-26T12:16:13.600Z] Django stderr: [26/Dec/2025 17:16:13] "GET /static/fonts/fa-solid-900.woff2 HTTP/1.1" 200 150124
[2025-12-26T12:16:13.644Z] Django interface loaded successfully!
[2025-12-26T12:16:15.895Z] Django stderr: [26/Dec/2025 17:16:15] "GET /inventory/ HTTP/1.1" 200 31328
[2025-12-26T12:16:15.989Z] Django interface loaded successfully!
[2025-12-26T12:16:20.592Z] Django stderr: [26/Dec/2025 17:16:20] "GET /inventory/all-reports/ HTTP/1.1" 200 23710
[2025-12-26T12:16:20.659Z] Django interface loaded successfully!
[2025-12-26T12:16:28.381Z] Django stderr: [26/Dec/2025 17:16:28] "GET /inventory/expenses/ HTTP/1.1" 200 14363
[2025-12-26T12:16:28.433Z] Django interface loaded successfully!
[2025-12-26T12:16:30.114Z] Django stderr: [26/Dec/2025 17:16:30] "GET /inventory/profit-loss/ HTTP/1.1" 200 23945
[2025-12-26T12:16:30.200Z] Django interface loaded successfully!
[2025-12-29T14:42:55.315Z] === App Starting ===
[2025-12-29T14:42:55.333Z] App is packaged: false
[2025-12-29T14:42:55.334Z] App version: 1.0.0
[2025-12-29T14:42:55.343Z] Electron version: 28.3.3
[2025-12-29T14:42:55.345Z] Node version: 18.18.2
[2025-12-29T14:42:55.348Z] Platform: win32
[2025-12-29T14:42:55.429Z] Arch: x64
[2025-12-29T14:43:00.673Z] Starting Django server...
[2025-12-29T14:43:00.697Z] Final paths:
[2025-12-29T14:43:00.714Z]   Python: C:\Users\gh\Desktop\Clinic app\env\Scripts\python.exe
[2025-12-29T14:43:00.715Z]   Manage: C:\Users\gh\Desktop\Clinic app\manage.py
[2025-12-29T14:43:00.732Z]   Django Dir: C:\Users\gh\Desktop\Clinic app
[2025-12-29T14:43:00.741Z] Server IP: 192.168.99.124
[2025-12-29T14:43:00.746Z] Running database migrations to ensure schema is up-to-date...
[2025-12-29T14:43:07.854Z] Migration stdout: Operations to perform:
  Synchronize unmigrated apps: messages, staticfiles
  Apply all migrations: accounts, admin, admission, auth, contenttypes, doctor, inventory, opd, sessions
[2025-12-29T14:43:07.898Z] Migration stdout: Synchronizing apps without migrations:
[2025-12-29T14:43:07.904Z] Migration stdout: Creating tables...
    Running deferred SQL...
Running migrations:
  No migrations to apply.
[2025-12-29T14:43:08.436Z] Migration process exited with code: 0
[2025-12-29T14:43:08.437Z] Spawning Django server process...
[2025-12-29T14:43:09.853Z] Django stdout: Performing system checks...
[2025-12-29T14:43:12.391Z] Django stdout: System check identified no issues (0 silenced).
[2025-12-29T14:43:12.594Z] Django stdout: December 29, 2025 - 19:43:12
Django version 4.2, using settings 'core.settings'
Starting development server at http://0.0.0.0:8000/
Quit the server with CTRL-BREAK.
[2025-12-29T14:43:12.595Z] Server started at http://192.168.99.124:8000
[2025-12-29T14:43:14.606Z] Django server started successfully!
[2025-12-29T14:43:15.805Z] Django startup timeout reached - proceeding anyway
[2025-12-29T14:43:17.611Z] Creating main window...
[2025-12-29T14:43:17.631Z] Loading Django at: http://192.168.99.124:8000/ (attempt 1)
[2025-12-29T14:43:18.113Z] Django stderr: [29/Dec/2025 19:43:18] "GET / HTTP/1.1" 200 26664
[2025-12-29T14:43:18.796Z] Window ready to show
[2025-12-29T14:43:19.428Z] Django interface loaded successfully!
[2025-12-29T14:43:26.111Z] Django stderr: [29/Dec/2025 19:43:26] "GET /pharmacy-login/ HTTP/1.1" 200 18641
[2025-12-29T14:43:26.249Z] Django interface loaded successfully!
[2025-12-29T14:43:32.085Z] Django stderr: [29/Dec/2025 19:43:32] "POST /pharmacy-login/ HTTP/1.1" 200 18717
[2025-12-29T14:43:32.132Z] Django interface loaded successfully!
[2025-12-29T14:43:38.795Z] Django stderr: [29/Dec/2025 19:43:38] "POST /pharmacy-login/ HTTP/1.1" 302 0
[2025-12-29T14:43:38.913Z] Django stderr: [29/Dec/2025 19:43:38] "GET /pharmacy/ HTTP/1.1" 200 121530
[2025-12-29T14:43:39.086Z] Django interface loaded successfully!
[2025-12-29T14:43:39.172Z] Django stderr: [29/Dec/2025 19:43:39] "GET /pharmacy/api/queue/ HTTP/1.1" 200 73
[2025-12-29T14:43:42.891Z] Django stderr: [29/Dec/2025 19:43:42] "GET /pharmacy/api/gdrive/check-daily/ HTTP/1.1" 200 43
[2025-12-29T14:44:00.811Z] Django stderr: [29/Dec/2025 19:44:00] "GET /pharmacy/api/search-patient/?q=noman HTTP/1.1" 200 48
[2025-12-29T14:44:04.997Z] Django stderr: [29/Dec/2025 19:44:04] "GET /pharmacy/api/search-medicines/?q=b HTTP/1.1" 200 221
[2025-12-29T14:44:05.677Z] Django stderr: [29/Dec/2025 19:44:05] "GET /pharmacy/api/search-medicines/?q=Brufen HTTP/1.1" 200 221
[2025-12-29T14:44:09.096Z] Django stderr: [29/Dec/2025 19:44:09] "GET /pharmacy/api/queue/ HTTP/1.1" 200 73
[2025-12-29T14:44:09.517Z] Django stderr: [29/Dec/2025 19:44:09] "GET /pharmacy/api/search-medicines/?q=Brufen HTTP/1.1" 200 221
[2025-12-29T14:44:22.295Z] Django stderr: [29/Dec/2025 19:44:22] "POST /pharmacy/api/process-order/ HTTP/1.1" 200 256
[2025-12-29T14:44:23.320Z] New window requested: about:blank
[2025-12-29T14:44:39.109Z] Django stderr: [29/Dec/2025 19:44:39] "GET /pharmacy/api/queue/ HTTP/1.1" 200 73
[2025-12-29T14:44:54.349Z] New window requested: http://192.168.99.124:8000/admin/
[2025-12-29T14:44:54.489Z] Django stderr: [29/Dec/2025 19:44:54] "GET /admin/ HTTP/1.1" 302 0
[2025-12-29T14:44:54.837Z] Django stderr: [29/Dec/2025 19:44:54] "GET /admin/login/?next=/admin/ HTTP/1.1" 200 4181
[2025-12-29T14:44:55.303Z] Django stderr: [29/Dec/2025 19:44:55] "GET /static/admin/css/dark_mode.css HTTP/1.1" 200 2929
[2025-12-29T14:44:55.347Z] Django stderr: [29/Dec/2025 19:44:55] "GET /static/admin/css/login.css HTTP/1.1" 200 958
[2025-12-29T14:44:55.376Z] Django stderr: [29/Dec/2025 19:44:55] "GET /static/admin/css/base.css HTTP/1.1" 200 21207
[2025-12-29T14:44:55.399Z] Django stderr: [29/Dec/2025 19:44:55] "GET /static/admin/js/nav_sidebar.js HTTP/1.1" 200 3063
[29/Dec/2025 19:44:55] "GET /static/admin/css/nav_sidebar.css HTTP/1.1" 200 2694
[2025-12-29T14:44:55.428Z] Django stderr: [29/Dec/2025 19:44:55] "GET /static/admin/js/theme.js HTTP/1.1" 200 1943
[2025-12-29T14:44:55.447Z] Django stderr: [29/Dec/2025 19:44:55] "GET /static/admin/css/responsive.css HTTP/1.1" 200 18557
[2025-12-29T14:45:03.962Z] Django stderr: [29/Dec/2025 19:45:03] "POST /admin/login/?next=/admin/ HTTP/1.1" 200 4342
[2025-12-29T14:45:09.098Z] Django stderr: [29/Dec/2025 19:45:09] "GET /pharmacy/api/queue/ HTTP/1.1" 200 73
[2025-12-29T14:45:10.007Z] Django stderr: [29/Dec/2025 19:45:10] "POST /admin/login/?next=/admin/ HTTP/1.1" 200 4342
[2025-12-29T14:45:14.789Z] Django stderr: [29/Dec/2025 19:45:14] "POST /admin/login/?next=/admin/ HTTP/1.1" 200 4342
[2025-12-29T14:45:18.725Z] Django stderr: [29/Dec/2025 19:45:18] "POST /admin/login/?next=/admin/ HTTP/1.1" 200 4342
[2025-12-29T14:45:35.314Z] Django stderr: [29/Dec/2025 19:45:35] "POST /admin/login/?next=/admin/ HTTP/1.1" 200 4341
[2025-12-29T14:45:39.093Z] Django stderr: [29/Dec/2025 19:45:39] "GET /pharmacy/api/queue/ HTTP/1.1" 200 73
[2025-12-29T14:45:41.259Z] Django stderr: [29/Dec/2025 19:45:41] "GET /inventory/products/ HTTP/1.1" 200 39389
[2025-12-29T14:45:41.314Z] Django stderr: [29/Dec/2025 19:45:41] "GET /static/css/fontawesome.min.css HTTP/1.1" 200 101869
[2025-12-29T14:45:41.326Z] Django stderr: [29/Dec/2025 19:45:41] "GET /static/css/bootstrap.min.css HTTP/1.1" 200 232948
[2025-12-29T14:45:41.395Z] Django stderr: [29/Dec/2025 19:45:41] "GET /static/js/bootstrap.bundle.min.js HTTP/1.1" 200 80663
[2025-12-29T14:45:41.498Z] Django stderr: [29/Dec/2025 19:45:41] "GET /static/fonts/fa-solid-900.woff2 HTTP/1.1" 200 150124
[2025-12-29T14:45:41.563Z] Django interface loaded successfully!
[2025-12-29T14:45:49.335Z] Django stderr: [29/Dec/2025 19:45:49] "GET /inventory/ HTTP/1.1" 200 39686
[2025-12-29T14:45:49.444Z] Django interface loaded successfully!
[2025-12-29T14:45:58.019Z] Django stderr: [29/Dec/2025 19:45:58] "GET /inventory/products/ HTTP/1.1" 200 39389
[2025-12-29T14:45:58.110Z] Django interface loaded successfully!
[2025-12-29T14:46:01.326Z] Django stderr: [29/Dec/2025 19:46:01] "GET /inventory/product/add/ HTTP/1.1" 200 46335
[2025-12-29T14:46:01.449Z] Django interface loaded successfully!
[2025-12-29T14:48:02.661Z] Django stderr: [29/Dec/2025 19:48:02] "GET /inventory/ HTTP/1.1" 200 39686
[2025-12-29T14:48:02.758Z] Django interface loaded successfully!
[2025-12-29T14:48:04.516Z] Django stderr: [29/Dec/2025 19:48:04] "GET /pharmacy/ HTTP/1.1" 200 121530
[2025-12-29T14:48:04.572Z] Django stderr: [29/Dec/2025 19:48:04] "GET /pharmacy/api/gdrive/check-daily/ HTTP/1.1" 200 43
[2025-12-29T14:48:04.576Z] Django stderr: [29/Dec/2025 19:48:04] "GET /pharmacy/api/queue/ HTTP/1.1" 200 73
[2025-12-29T14:48:04.636Z] Django interface loaded successfully!
[2025-12-29T14:48:26.795Z] Django stderr: [29/Dec/2025 19:48:26] "GET /inventory/products/ HTTP/1.1" 200 39389
[2025-12-29T14:48:26.900Z] Django interface loaded successfully!
[2025-12-29T14:48:31.900Z] Django stderr: [29/Dec/2025 19:48:31] "GET /pharmacy/ HTTP/1.1" 200 121530
[2025-12-29T14:48:31.983Z] Django interface loaded successfully!
[2025-12-29T14:48:31.995Z] Django stderr: [29/Dec/2025 19:48:31] "GET /pharmacy/api/gdrive/check-daily/ HTTP/1.1" 200 43
[2025-12-29T14:48:32.005Z] Django stderr: [29/Dec/2025 19:48:31] "GET /pharmacy/api/queue/ HTTP/1.1" 200 73
[2025-12-29T14:48:46.020Z] Django stderr: [29/Dec/2025 19:48:46] "GET /pharmacy/api/queue/ HTTP/1.1" 200 73
[2025-12-29T14:48:54.199Z] Django interface loaded successfully!
[2025-12-29T14:48:54.973Z] Django stderr: [29/Dec/2025 19:48:54] "GET /pharmacy/ HTTP/1.1" 200 121530
[2025-12-29T14:48:55.039Z] Django interface loaded successfully!
[2025-12-29T14:48:55.067Z] Django stderr: [29/Dec/2025 19:48:55] "GET /pharmacy/api/gdrive/check-daily/ HTTP/1.1" 200 43
[29/Dec/2025 19:48:55] "GET /pharmacy/api/queue/ HTTP/1.1" 200 73
[2025-12-29T14:48:57.198Z] Django interface loaded successfully!
[2025-12-29T14:48:58.180Z] Django stderr: [29/Dec/2025 19:48:58] "GET /pharmacy/ HTTP/1.1" 200 121530
[2025-12-29T14:48:58.245Z] Django stderr: [29/Dec/2025 19:48:58] "GET /pharmacy/api/gdrive/check-daily/ HTTP/1.1" 200 43
[2025-12-29T14:48:58.249Z] Django stderr: [29/Dec/2025 19:48:58] "GET /pharmacy/api/queue/ HTTP/1.1" 200 73
[2025-12-29T14:48:58.260Z] Django interface loaded successfully!
[2025-12-29T14:49:01.545Z] Django stderr: [29/Dec/2025 19:49:01] "GET / HTTP/1.1" 200 26664
[2025-12-29T14:49:01.598Z] Django interface loaded successfully!
[2025-12-30T11:04:15.871Z] === App Starting ===
[2025-12-30T11:04:15.884Z] App is packaged: false
[2025-12-30T11:04:15.885Z] App version: 1.0.0
[2025-12-30T11:04:15.887Z] Electron version: 28.3.3
[2025-12-30T11:04:15.889Z] Node version: 18.18.2
[2025-12-30T11:04:15.892Z] Platform: win32
[2025-12-30T11:04:15.950Z] Arch: x64
[2025-12-30T11:04:21.312Z] Starting Django server...
[2025-12-30T11:04:21.313Z] Final paths:
[2025-12-30T11:04:21.314Z]   Python: C:\Users\gh\Desktop\Clinic app\env\Scripts\python.exe
[2025-12-30T11:04:21.315Z]   Manage: C:\Users\gh\Desktop\Clinic app\manage.py
[2025-12-30T11:04:21.315Z]   Django Dir: C:\Users\gh\Desktop\Clinic app
[2025-12-30T11:04:21.333Z] Server IP: 192.168.99.248
[2025-12-30T11:04:21.334Z] Running database migrations to ensure schema is up-to-date...
[2025-12-30T11:04:27.888Z] Migration stdout: Operations to perform:
  Synchronize unmigrated apps: messages, staticfiles
  Apply all migrations: accounts, admin, admission, auth, contenttypes, doctor, inventory, opd, sessions
[2025-12-30T11:04:27.949Z] Migration stdout: Synchronizing apps without migrations:
[2025-12-30T11:04:27.950Z] Migration stdout: Creating tables...
    Running deferred SQL...
[2025-12-30T11:04:27.952Z] Migration stdout: Running migrations:
  No migrations to apply.
[2025-12-30T11:04:28.390Z] Migration process exited with code: 0
[2025-12-30T11:04:28.392Z] Spawning Django server process...
[2025-12-30T11:04:29.760Z] Django stdout: Performing system checks...
[2025-12-30T11:04:31.904Z] Django stdout: System check identified no issues (0 silenced).
[2025-12-30T11:04:32.089Z] Django stdout: December 30, 2025 - 16:04:32
Django version 4.2, using settings 'core.settings'
Starting development server at http://0.0.0.0:8000/
Quit the server with CTRL-BREAK.
[2025-12-30T11:04:32.091Z] Server started at http://192.168.99.248:8000
[2025-12-30T11:04:34.095Z] Django server started successfully!
[2025-12-30T11:04:36.361Z] Django startup timeout reached - proceeding anyway
[2025-12-30T11:04:37.103Z] Creating main window...
[2025-12-30T11:04:37.131Z] Loading Django at: http://192.168.99.248:8000/ (attempt 1)
[2025-12-30T11:04:37.554Z] Django stderr: [30/Dec/2025 16:04:37] "GET / HTTP/1.1" 200 26664
[2025-12-30T11:04:37.756Z] Window ready to show
[2025-12-30T11:04:37.826Z] Django interface loaded successfully!
[2025-12-30T11:04:42.901Z] Django stderr: [30/Dec/2025 16:04:42] "GET /doctor-login/ HTTP/1.1" 200 18671
[2025-12-30T11:04:43.039Z] Django interface loaded successfully!
[2025-12-30T11:04:49.093Z] Django stderr: [30/Dec/2025 16:04:49] "POST /doctor-login/ HTTP/1.1" 302 0
[2025-12-30T11:04:49.186Z] Django stderr: [30/Dec/2025 16:04:49] "GET /doctor/ HTTP/1.1" 200 81835
[2025-12-30T11:04:49.268Z] Django stderr: [30/Dec/2025 16:04:49] "GET /doctor/api/templates/ HTTP/1.1" 200 34
[2025-12-30T11:04:49.299Z] Django stderr: [30/Dec/2025 16:04:49] "GET /doctor/api/patient-queue/ HTTP/1.1" 200 74
[2025-12-30T11:04:49.362Z] Django interface loaded successfully!
[2025-12-30T11:04:58.580Z] Django stderr: [30/Dec/2025 16:04:58] "GET /doctor/api/search-patient/?q=za HTTP/1.1" 200 256
[2025-12-30T11:05:00.808Z] Django stderr: [30/Dec/2025 16:05:00] "GET /doctor/api/search-medicines/?q=b HTTP/1.1" 200 142
[2025-12-30T11:05:08.597Z] Django stderr: [30/Dec/2025 16:05:08] "POST /doctor/ HTTP/1.1" 200 117
[2025-12-30T11:05:08.637Z] Django stderr: [30/Dec/2025 16:05:08] "POST /doctor/api/mark-checked/ HTTP/1.1" 200 57
[2025-12-30T11:05:08.767Z] Django stderr: [30/Dec/2025 16:05:08] "GET /doctor/api/patient-queue/ HTTP/1.1" 200 74
[2025-12-30T11:05:09.130Z] New window requested: http://192.168.99.248:8000/doctor/print-prescription/PAT000012/?batch_id=17bce8aa-8490-4bd1-bfbd-68bbe35c4308
[2025-12-30T11:05:09.370Z] Django stderr: [30/Dec/2025 16:05:09] "GET /doctor/print-prescription/PAT000012/?batch_id=17bce8aa-8490-4bd1-bfbd-68bbe35c4308 HTTP/1.1" 200 18020
[2025-12-30T11:05:09.815Z] Print window loaded: http://192.168.99.248:8000/doctor/print-prescription/PAT000012/?batch_id=17bce8aa-8490-4bd1-bfbd-68bbe35c4308
[2025-12-30T11:05:19.267Z] Django stderr: [30/Dec/2025 16:05:19] "GET /doctor/api/patient-queue/ HTTP/1.1" 200 74
[2025-12-30T11:05:49.265Z] Django stderr: [30/Dec/2025 16:05:49] "GET /doctor/api/patient-queue/ HTTP/1.1" 200 74
[2025-12-30T11:06:20.000Z] Django stderr: [30/Dec/2025 16:06:19] "GET /doctor/api/patient-queue/ HTTP/1.1" 200 74
[2025-12-30T11:06:50.000Z] Django stderr: [30/Dec/2025 16:06:49] "GET /doctor/api/patient-queue/ HTTP/1.1" 200 74
[2025-12-30T11:07:19.275Z] Django stderr: [30/Dec/2025 16:07:19] "GET /doctor/api/patient-queue/ HTTP/1.1" 200 74
[2025-12-30T11:07:25.074Z] Django stderr: [30/Dec/2025 16:07:25] "GET /doctor/api/search-patient/?q=za HTTP/1.1" 200 256
[2025-12-30T11:07:27.755Z] Django stderr: [30/Dec/2025 16:07:27] "GET /doctor/api/search-medicines/?q=s HTTP/1.1" 200 548
[2025-12-30T11:07:35.415Z] Django stderr: [30/Dec/2025 16:07:35] "POST /doctor/ HTTP/1.1" 200 117
[2025-12-30T11:07:35.450Z] Django stderr: [30/Dec/2025 16:07:35] "POST /doctor/api/mark-checked/ HTTP/1.1" 200 57
[2025-12-30T11:07:35.502Z] Django stderr: [30/Dec/2025 16:07:35] "GET /doctor/api/patient-queue/ HTTP/1.1" 200 74
[2025-12-30T11:07:35.921Z] New window requested: http://192.168.99.248:8000/doctor/print-prescription/PAT000012/?batch_id=1d43bd8c-1db2-4dd7-8392-911c2ce944ec
[2025-12-30T11:07:36.008Z] Django stderr: [30/Dec/2025 16:07:35] "GET /doctor/print-prescription/PAT000012/?batch_id=1d43bd8c-1db2-4dd7-8392-911c2ce944ec HTTP/1.1" 200 18023
[2025-12-30T11:07:36.554Z] Print window loaded: http://192.168.99.248:8000/doctor/print-prescription/PAT000012/?batch_id=1d43bd8c-1db2-4dd7-8392-911c2ce944ec
[2026-01-05T17:36:56.855Z] === App Starting ===
[2026-01-05T17:36:56.875Z] App is packaged: false
[2026-01-05T17:36:56.881Z] App version: 1.0.0
[2026-01-05T17:36:56.883Z] Electron version: 28.3.3
[2026-01-05T17:36:56.885Z] Node version: 18.18.2
[2026-01-05T17:36:56.886Z] Platform: win32
[2026-01-05T17:36:56.938Z] Arch: x64
[2026-01-05T17:37:02.322Z] Starting Django server...
[2026-01-05T17:37:02.323Z] Final paths:
[2026-01-05T17:37:02.324Z]   Python: C:\Users\gh\Desktop\Clinic app\env\Scripts\python.exe
[2026-01-05T17:37:02.325Z]   Manage: C:\Users\gh\Desktop\Clinic app\manage.py
[2026-01-05T17:37:02.326Z]   Django Dir: C:\Users\gh\Desktop\Clinic app
[2026-01-05T17:37:02.338Z] Server IP: 192.168.99.217
[2026-01-05T17:37:02.339Z] Running database migrations to ensure schema is up-to-date...
[2026-01-05T17:37:09.164Z] Migration stdout: Operations to perform:
  Synchronize unmigrated apps: messages, staticfiles
  Apply all migrations: accounts, admin, admission, auth, contenttypes, doctor, inventory, opd, sessions
[2026-01-05T17:37:09.198Z] Migration stdout: Synchronizing apps without migrations:
[2026-01-05T17:37:09.201Z] Migration stdout: Creating tables...
    Running deferred SQL...
[2026-01-05T17:37:09.204Z] Migration stdout: Running migrations:
  No migrations to apply.
[2026-01-05T17:37:09.589Z] Migration process exited with code: 0
[2026-01-05T17:37:09.590Z] Spawning Django server process...
[2026-01-05T17:37:10.825Z] Django stdout: Performing system checks...
[2026-01-05T17:37:12.754Z] Django stdout: System check identified no issues (0 silenced).
[2026-01-05T17:37:12.947Z] Django stdout: January 05, 2026 - 22:37:12
Django version 4.2, using settings 'core.settings'
Starting development server at http://0.0.0.0:8000/
Quit the server with CTRL-BREAK.
[2026-01-05T17:37:12.948Z] Server started at http://192.168.99.217:8000
[2026-01-05T17:37:14.961Z] Django server started successfully!
[2026-01-05T17:37:17.371Z] Django startup timeout reached - proceeding anyway
[2026-01-05T17:37:17.973Z] Creating main window...
[2026-01-05T17:37:18.003Z] Loading Django at: http://192.168.99.217:8000/ (attempt 1)
[2026-01-05T17:37:18.320Z] Django stderr: [05/Jan/2026 22:37:18] "GET / HTTP/1.1" 200 26664
[2026-01-05T17:37:18.535Z] Window ready to show
[2026-01-05T17:37:18.587Z] Django interface loaded successfully!
[2026-01-05T17:37:36.197Z] Django stderr: [05/Jan/2026 22:37:36] "GET /pharmacy-login/ HTTP/1.1" 200 18641
[2026-01-05T17:37:36.339Z] Django interface loaded successfully!
[2026-01-05T17:37:42.836Z] Django stderr: [05/Jan/2026 22:37:42] "POST /pharmacy-login/ HTTP/1.1" 200 18717
[2026-01-05T17:37:42.885Z] Django interface loaded successfully!
[2026-01-05T17:37:49.220Z] Django stderr: [05/Jan/2026 22:37:49] "POST /pharmacy-login/ HTTP/1.1" 302 0
[2026-01-05T17:37:49.318Z] Django stderr: [05/Jan/2026 22:37:49] "GET /pharmacy/ HTTP/1.1" 200 121530
[2026-01-05T17:37:49.488Z] Django interface loaded successfully!
[2026-01-05T17:37:49.546Z] Django stderr: [05/Jan/2026 22:37:49] "GET /pharmacy/api/queue/ HTTP/1.1" 200 73
[2026-01-05T17:37:52.297Z] Django stderr: [05/Jan/2026 22:37:52] "GET /pharmacy/api/gdrive/check-daily/ HTTP/1.1" 200 43
[2026-01-05T17:37:59.182Z] Django stderr: [05/Jan/2026 22:37:59] "GET /inventory/products/ HTTP/1.1" 200 39389
[2026-01-05T17:37:59.539Z] Django stderr: [05/Jan/2026 22:37:59] "GET /static/css/fontawesome.min.css HTTP/1.1" 200 101869
[2026-01-05T17:37:59.542Z] Django stderr: [05/Jan/2026 22:37:59] "GET /static/css/bootstrap.min.css HTTP/1.1" 200 232948
[2026-01-05T17:37:59.631Z] Django stderr: [05/Jan/2026 22:37:59] "GET /static/js/bootstrap.bundle.min.js HTTP/1.1" 200 80663
[2026-01-05T17:37:59.717Z] Django stderr: [05/Jan/2026 22:37:59] "GET /static/fonts/fa-solid-900.woff2 HTTP/1.1" 200 150124
[2026-01-05T17:37:59.744Z] Django interface loaded successfully!
[2026-01-05T17:38:02.622Z] Django stderr: [05/Jan/2026 22:38:02] "GET /inventory/ HTTP/1.1" 200 39692
[2026-01-05T17:38:02.742Z] Django interface loaded successfully!
[2026-01-05T17:38:07.143Z] Django stderr: [05/Jan/2026 22:38:07] "GET /inventory/all-reports/ HTTP/1.1" 200 31925
[2026-01-05T17:38:07.213Z] Django interface loaded successfully!
[2026-01-05T17:38:18.097Z] Django stderr: [05/Jan/2026 22:38:18] "GET /inventory/ HTTP/1.1" 200 39692
[2026-01-05T17:38:18.164Z] Django interface loaded successfully!
[2026-01-05T17:38:20.318Z] Django stderr: [05/Jan/2026 22:38:20] "GET /pharmacy/ HTTP/1.1" 200 121530
[2026-01-05T17:38:20.378Z] Django stderr: [05/Jan/2026 22:38:20] "GET /pharmacy/api/gdrive/check-daily/ HTTP/1.1" 200 43
[2026-01-05T17:38:20.383Z] Django stderr: [05/Jan/2026 22:38:20] "GET /pharmacy/api/queue/ HTTP/1.1" 200 73
[2026-01-05T17:38:20.436Z] Django interface loaded successfully!
[2026-01-05T17:38:23.705Z] Django stderr: [05/Jan/2026 22:38:23] "GET /pharmacy/api/queue/ HTTP/1.1" 200 73
[2026-01-05T17:38:50.390Z] Django stderr: [05/Jan/2026 22:38:50] "GET /pharmacy/api/queue/ HTTP/1.1" 200 73
[2026-01-06T11:28:58.746Z] === App Starting ===
[2026-01-06T11:28:58.758Z] App is packaged: false
[2026-01-06T11:28:58.759Z] App version: 1.0.0
[2026-01-06T11:28:58.769Z] Electron version: 28.3.3
[2026-01-06T11:28:58.772Z] Node version: 18.18.2
[2026-01-06T11:28:58.775Z] Platform: win32
[2026-01-06T11:28:58.787Z] Arch: x64
[2026-01-06T11:29:04.135Z] Starting Django server...
[2026-01-06T11:29:04.136Z] Final paths:
[2026-01-06T11:29:04.138Z]   Python: C:\Users\gh\Desktop\Clinic app\env\Scripts\python.exe
[2026-01-06T11:29:04.139Z]   Manage: C:\Users\gh\Desktop\Clinic app\manage.py
[2026-01-06T11:29:04.146Z]   Django Dir: C:\Users\gh\Desktop\Clinic app
[2026-01-06T11:29:04.158Z] Server IP: 192.168.99.249
[2026-01-06T11:29:04.161Z] Running database migrations to ensure schema is up-to-date...
[2026-01-06T11:29:07.324Z] Migration stdout: Operations to perform:
  Synchronize unmigrated apps: messages, staticfiles
  Apply all migrations: accounts, admin, admission, auth, contenttypes, doctor, inventory, opd, sessions
[2026-01-06T11:29:07.364Z] Migration stdout: Synchronizing apps without migrations:
[2026-01-06T11:29:07.366Z] Migration stdout: Creating tables...
[2026-01-06T11:29:07.368Z] Migration stdout: Running deferred SQL...
Running migrations:
  No migrations to apply.
[2026-01-06T11:29:07.723Z] Migration process exited with code: 0
[2026-01-06T11:29:07.725Z] Spawning Django server process...
[2026-01-06T11:29:08.931Z] Django stdout: Performing system checks...
[2026-01-06T11:29:10.748Z] Django stdout: System check identified no issues (0 silenced).
[2026-01-06T11:29:10.913Z] Django stdout: January 06, 2026 - 16:29:10
Django version 4.2, using settings 'core.settings'
Starting development server at http://0.0.0.0:8000/
Quit the server with CTRL-BREAK.
[2026-01-06T11:29:10.914Z] Server started at http://192.168.99.249:8000
[2026-01-06T11:29:12.928Z] Django server started successfully!
[2026-01-06T11:29:14.853Z] Django stderr: [06/Jan/2026 16:29:14] "GET /doctor/api/patient-queue/ HTTP/1.1" 200 74
[2026-01-06T11:29:14.860Z] Django stderr: [06/Jan/2026 16:29:14] "GET /pharmacy/api/queue/ HTTP/1.1" 200 272
[2026-01-06T11:29:15.938Z] Creating main window...
[2026-01-06T11:29:15.957Z] Loading Django at: http://192.168.99.249:8000/ (attempt 1)
[2026-01-06T11:29:16.368Z] Django stderr: [06/Jan/2026 16:29:16] "GET / HTTP/1.1" 200 26664
[2026-01-06T11:29:16.551Z] Window ready to show
[2026-01-06T11:29:16.615Z] Django interface loaded successfully!
[2026-01-06T11:29:19.195Z] Django startup timeout reached - proceeding anyway
[2026-01-06T11:29:36.284Z] Django stderr: [06/Jan/2026 16:29:36] "GET /pharmacy-login/ HTTP/1.1" 200 18641
[2026-01-06T11:29:36.402Z] Django interface loaded successfully!
[2026-01-06T11:29:44.207Z] Django stderr: [06/Jan/2026 16:29:44] "POST /pharmacy-login/ HTTP/1.1" 302 0
[2026-01-06T11:29:44.306Z] Django stderr: [06/Jan/2026 16:29:44] "GET /pharmacy/ HTTP/1.1" 200 140097
[2026-01-06T11:29:44.469Z] Django interface loaded successfully!
[2026-01-06T11:29:44.517Z] Django stderr: [06/Jan/2026 16:29:44] "GET /pharmacy/api/queue/ HTTP/1.1" 200 272
[2026-01-06T11:29:47.554Z] Django stderr: [06/Jan/2026 16:29:47] "GET /pharmacy/api/gdrive/check-daily/ HTTP/1.1" 200 43
[2026-01-06T11:29:48.589Z] New window requested: http://192.168.99.249:8000/admin/
[2026-01-06T11:29:48.725Z] Django stderr: [06/Jan/2026 16:29:48] "GET /admin/ HTTP/1.1" 302 0
[2026-01-06T11:29:48.997Z] Django stderr: [06/Jan/2026 16:29:49] "GET /admin/login/?next=/admin/ HTTP/1.1" 200 4181
[2026-01-06T11:29:49.471Z] Django stderr: [06/Jan/2026 16:29:49] "GET /static/admin/css/dark_mode.css HTTP/1.1" 200 2929
[2026-01-06T11:29:49.532Z] Django stderr: [06/Jan/2026 16:29:49] "GET /static/admin/js/nav_sidebar.js HTTP/1.1" 200 3063
[2026-01-06T11:29:49.555Z] Django stderr: [06/Jan/2026 16:29:49] "GET /static/admin/css/nav_sidebar.css HTTP/1.1" 200 2694
[2026-01-06T11:29:49.571Z] Django stderr: [06/Jan/2026 16:29:49] "GET /static/admin/css/base.css HTTP/1.1" 200 21207
[2026-01-06T11:29:49.581Z] Django stderr: [06/Jan/2026 16:29:49] "GET /static/admin/css/responsive.css HTTP/1.1" 200 18557
[2026-01-06T11:29:49.585Z] Django stderr: [06/Jan/2026 16:29:49] "GET /static/admin/css/login.css HTTP/1.1" 200 958
[2026-01-06T11:29:49.590Z] Django stderr: [06/Jan/2026 16:29:49] "GET /static/admin/js/theme.js HTTP/1.1" 200 1943
[2026-01-06T11:29:57.647Z] Django stderr: [06/Jan/2026 16:29:57] "POST /admin/login/?next=/admin/ HTTP/1.1" 200 4345
[2026-01-06T11:30:02.770Z] Django stderr: [06/Jan/2026 16:30:02] "POST /admin/login/?next=/admin/ HTTP/1.1" 200 4345
[2026-01-06T11:30:12.152Z] Django stderr: [06/Jan/2026 16:30:12] "POST /admin/login/?next=/admin/ HTTP/1.1" 302 0
[2026-01-06T11:30:12.229Z] Django stderr: [06/Jan/2026 16:30:12] "GET /admin/ HTTP/1.1" 200 13571
[2026-01-06T11:30:12.265Z] Django stderr: [06/Jan/2026 16:30:12] "GET /static/admin/css/dashboard.css HTTP/1.1" 200 441
[2026-01-06T11:30:12.297Z] Django stderr: [06/Jan/2026 16:30:12] "GET /static/admin/img/icon-addlink.svg HTTP/1.1" 200 331
[2026-01-06T11:30:12.302Z] Django stderr: [06/Jan/2026 16:30:12] "GET /static/admin/img/icon-changelink.svg HTTP/1.1" 200 380
[2026-01-06T11:30:14.830Z] Django stderr: [06/Jan/2026 16:30:14] "GET /doctor/api/patient-queue/ HTTP/1.1" 200 74
[2026-01-06T11:30:14.832Z] Django stderr: [06/Jan/2026 16:30:14] "GET /pharmacy/api/queue/ HTTP/1.1" 200 272
[2026-01-06T11:30:14.834Z] Django stderr: [06/Jan/2026 16:30:14] "GET /pharmacy/api/queue/ HTTP/1.1" 200 272
[2026-01-06T11:30:16.543Z] Django stderr: [06/Jan/2026 16:30:16] "GET /admin/accounts/staffid/ HTTP/1.1" 200 15807
[2026-01-06T11:30:16.578Z] Django stderr: [06/Jan/2026 16:30:16] "GET /admin/jsi18n/ HTTP/1.1" 200 3343
[2026-01-06T11:30:16.682Z] Django stderr: [06/Jan/2026 16:30:16] "GET /static/admin/css/changelists.css HTTP/1.1" 200 6584
[06/Jan/2026 16:30:16] "GET /static/admin/js/jquery.init.js HTTP/1.1" 200 347
[06/Jan/2026 16:30:16] "GET /static/admin/js/core.js HTTP/1.1" 200 5682
[06/Jan/2026 16:30:16] "GET /static/admin/js/admin/RelatedObjectLookups.js HTTP/1.1" 200 8943
[06/Jan/2026 16:30:16] "GET /static/admin/js/urlify.js HTTP/1.1" 200 7887
[06/Jan/2026 16:30:16] "GET /static/admin/js/actions.js HTTP/1.1" 200 7872
[06/Jan/2026 16:30:16] "GET /static/admin/js/prepopulate.js HTTP/1.1" 200 1531
[2026-01-06T11:30:16.721Z] Django stderr: [06/Jan/2026 16:30:16] "GET /static/admin/img/search.svg HTTP/1.1" 200 458
[2026-01-06T11:30:16.730Z] Django stderr: [06/Jan/2026 16:30:16] "GET /static/admin/js/vendor/jquery/jquery.js HTTP/1.1" 200 292458
[2026-01-06T11:30:16.854Z] Django stderr: [06/Jan/2026 16:30:16] "GET /static/admin/js/vendor/xregexp/xregexp.js HTTP/1.1" 200 232381
[2026-01-06T11:30:16.968Z] Django stderr: [06/Jan/2026 16:30:16] "GET /static/admin/js/filters.js HTTP/1.1" 200 978
[2026-01-06T11:30:17.141Z] Django stderr: [06/Jan/2026 16:30:17] "GET /static/admin/img/tooltag-add.svg HTTP/1.1" 200 331
[2026-01-06T11:30:17.152Z] Django stderr: [06/Jan/2026 16:30:17] "GET /static/admin/img/sorting-icons.svg HTTP/1.1" 200 1097
[2026-01-06T11:30:21.748Z] Django stderr: [06/Jan/2026 16:30:21] "GET /admin/ HTTP/1.1" 200 13571
[2026-01-06T11:30:26.353Z] Django stderr: [06/Jan/2026 16:30:26] "GET /admin/inventory/productcategory/ HTTP/1.1" 200 14792
[2026-01-06T11:30:26.379Z] Django stderr: [06/Jan/2026 16:30:26] "GET /admin/jsi18n/ HTTP/1.1" 200 3343
[2026-01-06T11:30:30.903Z] Django stderr: [06/Jan/2026 16:30:30] "GET /admin/inventory/inventorytransaction/ HTTP/1.1" 200 42053
[2026-01-06T11:30:30.926Z] Django stderr: [06/Jan/2026 16:30:30] "GET /admin/jsi18n/ HTTP/1.1" 200 3343
[2026-01-06T11:30:37.325Z] Django stderr: [06/Jan/2026 16:30:37] "GET /admin/opd/patient/ HTTP/1.1" 200 24336
[2026-01-06T11:30:37.361Z] Django stderr: [06/Jan/2026 16:30:37] "GET /admin/jsi18n/ HTTP/1.1" 200 3343
